000 (3952.000.000) 10/18 13:09:22 Job submitted from host: <10.32.8.21:9618?addrs=10.32.8.21-9618&noUDP&sock=1616_0522_3>
...
001 (3952.000.000) 10/18 13:10:15 Job executing on host: <10.32.89.43:9618?addrs=10.32.89.43-9618&noUDP&sock=233545_05e5_3>
...
006 (3952.000.000) 10/18 13:10:17 Image size of job updated: 25
	0  -  MemoryUsage of job (MB)
	0  -  ResidentSetSize of job (KB)
...
005 (3952.000.000) 10/18 13:10:17 Job terminated.
	(1) Normal termination (return value 2)
		Usr 0 00:00:00, Sys 0 00:00:00  -  Run Remote Usage
		Usr 0 00:00:00, Sys 0 00:00:00  -  Run Local Usage
		Usr 0 00:00:00, Sys 0 00:00:00  -  Total Remote Usage
		Usr 0 00:00:00, Sys 0 00:00:00  -  Total Local Usage
	1148  -  Run Bytes Sent By Job
	25223  -  Run Bytes Received By Job
	1148  -  Total Bytes Sent By Job
	25223  -  Total Bytes Received By Job
	Partitionable Resources :    Usage  Request Allocated Assigned
	   Cpus                 :        0        1         1 
	   Disk (KB)            :       45       25    443466 
	   Gpus                 :                 1         1 "CUDA2"
	   Memory (MB)          :        0    16384     16384 
...
