000 (4129.000.000) 10/29 14:59:38 Job submitted from host: <10.32.8.21:9618?addrs=10.32.8.21-9618&noUDP&sock=1616_0522_3>
...
001 (4129.000.000) 10/29 14:59:56 Job executing on host: <10.32.89.41:9618?addrs=10.32.89.41-9618&noUDP&sock=9544_f7f8_3>
...
006 (4129.000.000) 10/29 14:59:58 Image size of job updated: 32
	0  -  MemoryUsage of job (MB)
	0  -  ResidentSetSize of job (KB)
...
005 (4129.000.000) 10/29 14:59:58 Job terminated.
	(1) Normal termination (return value 2)
		Usr 0 00:00:00, Sys 0 00:00:00  -  Run Remote Usage
		Usr 0 00:00:00, Sys 0 00:00:00  -  Run Local Usage
		Usr 0 00:00:00, Sys 0 00:00:00  -  Total Remote Usage
		Usr 0 00:00:00, Sys 0 00:00:00  -  Total Local Usage
	1080  -  Run Bytes Sent By Job
	25223  -  Run Bytes Received By Job
	1080  -  Total Bytes Sent By Job
	25223  -  Total Bytes Received By Job
	Partitionable Resources :    Usage  Request Allocated Assigned
	   Cpus                 :        0        1         1 
	   Disk (KB)            :       45       25    441941 
	   Gpus                 :        0        1         1 "CUDA3"
	   Memory (MB)          :        0    16384     16384 
...
