000 (4130.000.000) 10/29 15:10:43 Job submitted from host: <10.32.8.21:9618?addrs=10.32.8.21-9618&noUDP&sock=1616_0522_3>
...
001 (4130.000.000) 10/29 15:10:56 Job executing on host: <10.32.89.41:9618?addrs=10.32.89.41-9618&noUDP&sock=9544_f7f8_3>
...
006 (4130.000.000) 10/29 15:10:59 Image size of job updated: 588
	0  -  MemoryUsage of job (MB)
	0  -  ResidentSetSize of job (KB)
...
005 (4130.000.000) 10/29 15:10:59 Job terminated.
	(1) Normal termination (return value 1)
		Usr 0 00:00:00, Sys 0 00:00:00  -  Run Remote Usage
		Usr 0 00:00:00, Sys 0 00:00:00  -  Run Local Usage
		Usr 0 00:00:00, Sys 0 00:00:00  -  Total Remote Usage
		Usr 0 00:00:00, Sys 0 00:00:00  -  Total Local Usage
	2954  -  Run Bytes Sent By Job
	25839  -  Run Bytes Received By Job
	2954  -  Total Bytes Sent By Job
	25839  -  Total Bytes Received By Job
	Partitionable Resources :    Usage  Request Allocated Assigned
	   Cpus                 :     0.03        1         1 
	   Disk (KB)            :    47          27    441941 
	   Gpus                 :                 1         1 "CUDA3"
	   Memory (MB)          :     0       16384     16384 
...
